<?xml version="1.0" encoding="UTF-8"?>
<!-- Generated by org.testng.reporters.JUnitReportReporter -->
<testsuite hostname="IBM-PF32QES8" failures="0" tests="2" name="demo1.POJOClassJSONObjectPayload" time="0.219" errors="0" timestamp="2025-01-29T14:06:23 IST" skipped="0">
  <testcase classname="demo1.POJOClassJSONObjectPayload" name="BadmintonJSONFromPOJOClass" time="0.216"/>
  <system-out/>
  <testcase classname="demo1.POJOClassJSONObjectPayload" name="BadmintonJSONFromPOJOClass" time="0.003"/>
  <system-out/>
</testsuite> <!-- demo1.POJOClassJSONObjectPayload -->
