<?xml version="1.0" encoding="UTF-8"?>
<!-- Generated by org.testng.reporters.JUnitReportReporter -->
<testsuite hostname="IBM-PF32QES8" failures="0" tests="1" name="demo1.postWithPayload" time="2.722" errors="0" timestamp="2025-01-29T17:08:39 IST" skipped="0">
  <testcase classname="demo1.postWithPayload" name="test1" time="2.722"/>
  <system-out/>
</testsuite> <!-- demo1.postWithPayload -->
