<?xml version="1.0" encoding="UTF-8"?>
<!-- Generated by org.testng.reporters.JUnitReportReporter -->
<testsuite hostname="IBM-PF32QES8" failures="0" tests="1" name="demo1.PutTest" time="2.664" errors="0" timestamp="2025-01-28T15:40:34 IST" skipped="0">
  <testcase classname="demo1.PutTest" name="test1" time="2.664"/>
  <system-out/>
</testsuite> <!-- demo1.PutTest -->
