<?xml version="1.0" encoding="UTF-8"?>
<!-- Generated by org.testng.reporters.JUnitReportReporter -->
<testsuite hostname="IBM-PF32QES8" failures="0" tests="1" name="demo1.F1Example" time="3.899" errors="0" timestamp="2025-01-29T11:54:20 IST" skipped="0">
  <testcase classname="demo1.F1Example" name="test_noOfCircuitsUsingResponseSpec" time="3.899"/>
  <system-out/>
</testsuite> <!-- demo1.F1Example -->
