<?xml version="1.0" encoding="UTF-8"?>
<!-- Generated by org.testng.reporters.JUnitReportReporter -->
<testsuite hostname="IBM-PF32QES8" failures="0" tests="3" name="demo1.GetTest" time="2.614" errors="0" timestamp="2025-01-29T16:36:33 IST" skipped="0">
  <testcase classname="demo1.GetTest" name="test1" time="1.641"/>
  <system-out/>
  <testcase classname="demo1.GetTest" name="test2" time="0.720"/>
  <system-out/>
  <testcase classname="demo1.GetTest" name="test3" time="0.253"/>
  <system-out/>
</testsuite> <!-- demo1.GetTest -->
