<?xml version="1.0" encoding="UTF-8"?>
<!-- Generated by org.testng.reporters.JUnitReportReporter -->
<testsuite hostname="IBM-PF32QES8" failures="0" tests="1" name="demo2.NewTest" time="0.025" errors="0" timestamp="2025-01-28T12:19:14 IST" skipped="0">
  <testcase classname="demo2.NewTest" name="f" time="0.025"/>
  <system-out/>
</testsuite> <!-- demo2.NewTest -->
