<?xml version="1.0" encoding="UTF-8"?>
<!-- Generated by org.testng.reporters.JUnitReportReporter -->
<testsuite hostname="IBM-PF32QES8" failures="0" tests="1" name="demo1.Delete" time="2.557" errors="0" timestamp="2025-01-29T04:13:58 IST" skipped="0">
  <testcase classname="demo1.Delete" name="delete2" time="2.557"/>
  <system-out/>
</testsuite> <!-- demo1.Delete -->
