<?xml version="1.0" encoding="UTF-8"?>
<!-- Generated by org.testng.reporters.JUnitReportReporter -->
<testsuite hostname="IBM-PF32QES8" failures="0" tests="1" name="demo1.PostTest" time="3.467" errors="0" timestamp="2025-01-29T16:43:54 IST" skipped="0">
  <testcase classname="demo1.PostTest" name="test1" time="3.467"/>
  <system-out/>
</testsuite> <!-- demo1.PostTest -->
